<Agent>
<Name> Apostolos Zarras </Name>
<AFM> 130456093 </AFM>

<Receipts>

<Receipt>
<ReceiptID> 1 </ReceiptID>
<Date> 25/2/2014 </Date>
<Kind> Coats </Kind>
<Sales> 2000 </Sales>
<Items> 10 </Items>
<Company> Hand Made Clothes </Company>
<Country> Greece </Country>
<City> Ioannina </City>
<Street> Kaloudi </Street>
<Number> 10 </Number>
</Receipt>

<Receipt>
<ReceiptID> 2 </ReceiptID>
<Date> 25/2/2014 </Date>
<Kind> Skirts </Kind>
<Sales> 4000 </Sales>
<Items> 10 </Items>
<Company> Clothes and Co </Company>
<Country> Greece </Country>
<City> Ioannina </City>
<Street> Kaloudi </Street>
<Number> 10 </Number>
</Receipt>

<Receipt>
<ReceiptID> 3 </ReceiptID>
<Date> 25/2/2014 </Date>
<Kind> Shirts </Kind>
<Sales> 4000 </Sales>
<Items> 10 </Items>
<Company> Unlimited Apparel Inc. </Company>
<Country> Greece </Country>
<City> Ioannina </City>
<Street> Kaloudi </Street>
<Number> 10 </Number>
</Receipt>

<Receipt>
<ReceiptID> 4 </ReceiptID>
<Date> 25/2/2014 </Date>
<Kind> Trousers </Kind>
<Sales> 1000 </Sales>
<Items> 10 </Items>
<Company> Men's Apparel </Company>
<Country> Greece </Country>
<City> Ioannina </City>
<Street> Kaloudi </Street>
<Number> 10 </Number>
</Receipt>
</Receipts>
</Agent>
